DEBUG - 2025-06-16 01:09:52 --> Session: Class initialized using 'CodeIgniter\Session\Handlers\FileHandler' driver.
DEBUG - 2025-06-16 01:10:03 --> Session: Class initialized using 'CodeIgniter\Session\Handlers\FileHandler' driver.
DEBUG - 2025-06-16 01:10:37 --> Session: Class initialized using 'CodeIgniter\Session\Handlers\FileHandler' driver.
DEBUG - 2025-06-16 01:10:38 --> Session: Class initialized using 'CodeIgniter\Session\Handlers\FileHandler' driver.
DEBUG - 2025-06-16 01:10:42 --> Session: Class initialized using 'CodeIgniter\Session\Handlers\FileHandler' driver.
DEBUG - 2025-06-16 01:10:42 --> Session: Class initialized using 'CodeIgniter\Session\Handlers\FileHandler' driver.
DEBUG - 2025-06-16 01:10:44 --> Session: Class initialized using 'CodeIgniter\Session\Handlers\FileHandler' driver.
DEBUG - 2025-06-16 01:10:47 --> Session: Class initialized using 'CodeIgniter\Session\Handlers\FileHandler' driver.
DEBUG - 2025-06-16 01:10:49 --> Session: Class initialized using 'CodeIgniter\Session\Handlers\FileHandler' driver.
DEBUG - 2025-06-16 01:30:29 --> Session: Class initialized using 'CodeIgniter\Session\Handlers\FileHandler' driver.
DEBUG - 2025-06-16 01:30:31 --> Session: Class initialized using 'CodeIgniter\Session\Handlers\FileHandler' driver.
DEBUG - 2025-06-16 01:30:37 --> Session: Class initialized using 'CodeIgniter\Session\Handlers\FileHandler' driver.
DEBUG - 2025-06-16 01:30:39 --> Session: Class initialized using 'CodeIgniter\Session\Handlers\FileHandler' driver.
DEBUG - 2025-06-16 01:31:43 --> Session: Class initialized using 'CodeIgniter\Session\Handlers\FileHandler' driver.
DEBUG - 2025-06-16 01:31:45 --> Session: Class initialized using 'CodeIgniter\Session\Handlers\FileHandler' driver.
DEBUG - 2025-06-16 01:31:55 --> Session: Class initialized using 'CodeIgniter\Session\Handlers\FileHandler' driver.
DEBUG - 2025-06-16 01:32:00 --> Session: Class initialized using 'CodeIgniter\Session\Handlers\FileHandler' driver.
DEBUG - 2025-06-16 01:37:59 --> Session: Class initialized using 'CodeIgniter\Session\Handlers\FileHandler' driver.
WARNING - 2025-06-16 01:38:02 --> [DEPRECATED] strtolower(): Passing null to parameter #1 ($string) of type string is deprecated in APPPATH\Views\masterdata_employee.php on line 74.
 1 APPPATH\Views\masterdata_employee.php(74): strtolower(null)
 2 SYSTEMPATH\View\View.php(224): include('C:\\xampp\\htdocs\\happyhrapp\\app\\Views\\masterdata_employee.php')
 3 SYSTEMPATH\View\View.php(227): CodeIgniter\View\View->{closure:CodeIgniter\View\View::render():221}()
 4 SYSTEMPATH\Common.php(1173): CodeIgniter\View\View->render('masterdata_employee', [], true)
 5 APPPATH\Views\main.php(224): view('masterdata_employee')
 6 SYSTEMPATH\View\View.php(224): include('C:\\xampp\\htdocs\\happyhrapp\\app\\Views\\main.php')
 7 SYSTEMPATH\View\View.php(227): CodeIgniter\View\View->{closure:CodeIgniter\View\View::render():221}()
 8 SYSTEMPATH\Common.php(1173): CodeIgniter\View\View->render('main', [], true)
 9 APPPATH\Controllers\Masterdata.php(56): view('main', [...])
10 SYSTEMPATH\CodeIgniter.php(933): App\Controllers\Masterdata->getEmployee()
11 SYSTEMPATH\CodeIgniter.php(507): CodeIgniter\CodeIgniter->runController(Object(App\Controllers\Masterdata))
12 SYSTEMPATH\CodeIgniter.php(354): CodeIgniter\CodeIgniter->handleRequest(null, Object(Config\Cache), false)
13 SYSTEMPATH\Boot.php(334): CodeIgniter\CodeIgniter->run()
14 SYSTEMPATH\Boot.php(67): CodeIgniter\Boot::runCodeIgniter(Object(CodeIgniter\CodeIgniter))
15 FCPATH\index.php(56): CodeIgniter\Boot::bootWeb(Object(Config\Paths))
WARNING - 2025-06-16 01:38:02 --> [DEPRECATED] strtolower(): Passing null to parameter #1 ($string) of type string is deprecated in APPPATH\Views\masterdata_employee.php on line 74.
 1 APPPATH\Views\masterdata_employee.php(74): strtolower(null)
 2 SYSTEMPATH\View\View.php(224): include('C:\\xampp\\htdocs\\happyhrapp\\app\\Views\\masterdata_employee.php')
 3 SYSTEMPATH\View\View.php(227): CodeIgniter\View\View->{closure:CodeIgniter\View\View::render():221}()
 4 SYSTEMPATH\Common.php(1173): CodeIgniter\View\View->render('masterdata_employee', [], true)
 5 APPPATH\Views\main.php(224): view('masterdata_employee')
 6 SYSTEMPATH\View\View.php(224): include('C:\\xampp\\htdocs\\happyhrapp\\app\\Views\\main.php')
 7 SYSTEMPATH\View\View.php(227): CodeIgniter\View\View->{closure:CodeIgniter\View\View::render():221}()
 8 SYSTEMPATH\Common.php(1173): CodeIgniter\View\View->render('main', [], true)
 9 APPPATH\Controllers\Masterdata.php(56): view('main', [...])
10 SYSTEMPATH\CodeIgniter.php(933): App\Controllers\Masterdata->getEmployee()
11 SYSTEMPATH\CodeIgniter.php(507): CodeIgniter\CodeIgniter->runController(Object(App\Controllers\Masterdata))
12 SYSTEMPATH\CodeIgniter.php(354): CodeIgniter\CodeIgniter->handleRequest(null, Object(Config\Cache), false)
13 SYSTEMPATH\Boot.php(334): CodeIgniter\CodeIgniter->run()
14 SYSTEMPATH\Boot.php(67): CodeIgniter\Boot::runCodeIgniter(Object(CodeIgniter\CodeIgniter))
15 FCPATH\index.php(56): CodeIgniter\Boot::bootWeb(Object(Config\Paths))
WARNING - 2025-06-16 01:38:02 --> [DEPRECATED] strtolower(): Passing null to parameter #1 ($string) of type string is deprecated in APPPATH\Views\masterdata_employee.php on line 74.
 1 APPPATH\Views\masterdata_employee.php(74): strtolower(null)
 2 SYSTEMPATH\View\View.php(224): include('C:\\xampp\\htdocs\\happyhrapp\\app\\Views\\masterdata_employee.php')
 3 SYSTEMPATH\View\View.php(227): CodeIgniter\View\View->{closure:CodeIgniter\View\View::render():221}()
 4 SYSTEMPATH\Common.php(1173): CodeIgniter\View\View->render('masterdata_employee', [], true)
 5 APPPATH\Views\main.php(224): view('masterdata_employee')
 6 SYSTEMPATH\View\View.php(224): include('C:\\xampp\\htdocs\\happyhrapp\\app\\Views\\main.php')
 7 SYSTEMPATH\View\View.php(227): CodeIgniter\View\View->{closure:CodeIgniter\View\View::render():221}()
 8 SYSTEMPATH\Common.php(1173): CodeIgniter\View\View->render('main', [], true)
 9 APPPATH\Controllers\Masterdata.php(56): view('main', [...])
10 SYSTEMPATH\CodeIgniter.php(933): App\Controllers\Masterdata->getEmployee()
11 SYSTEMPATH\CodeIgniter.php(507): CodeIgniter\CodeIgniter->runController(Object(App\Controllers\Masterdata))
12 SYSTEMPATH\CodeIgniter.php(354): CodeIgniter\CodeIgniter->handleRequest(null, Object(Config\Cache), false)
13 SYSTEMPATH\Boot.php(334): CodeIgniter\CodeIgniter->run()
14 SYSTEMPATH\Boot.php(67): CodeIgniter\Boot::runCodeIgniter(Object(CodeIgniter\CodeIgniter))
15 FCPATH\index.php(56): CodeIgniter\Boot::bootWeb(Object(Config\Paths))
WARNING - 2025-06-16 01:38:02 --> [DEPRECATED] strtolower(): Passing null to parameter #1 ($string) of type string is deprecated in APPPATH\Views\masterdata_employee.php on line 74.
 1 APPPATH\Views\masterdata_employee.php(74): strtolower(null)
 2 SYSTEMPATH\View\View.php(224): include('C:\\xampp\\htdocs\\happyhrapp\\app\\Views\\masterdata_employee.php')
 3 SYSTEMPATH\View\View.php(227): CodeIgniter\View\View->{closure:CodeIgniter\View\View::render():221}()
 4 SYSTEMPATH\Common.php(1173): CodeIgniter\View\View->render('masterdata_employee', [], true)
 5 APPPATH\Views\main.php(224): view('masterdata_employee')
 6 SYSTEMPATH\View\View.php(224): include('C:\\xampp\\htdocs\\happyhrapp\\app\\Views\\main.php')
 7 SYSTEMPATH\View\View.php(227): CodeIgniter\View\View->{closure:CodeIgniter\View\View::render():221}()
 8 SYSTEMPATH\Common.php(1173): CodeIgniter\View\View->render('main', [], true)
 9 APPPATH\Controllers\Masterdata.php(56): view('main', [...])
10 SYSTEMPATH\CodeIgniter.php(933): App\Controllers\Masterdata->getEmployee()
11 SYSTEMPATH\CodeIgniter.php(507): CodeIgniter\CodeIgniter->runController(Object(App\Controllers\Masterdata))
12 SYSTEMPATH\CodeIgniter.php(354): CodeIgniter\CodeIgniter->handleRequest(null, Object(Config\Cache), false)
13 SYSTEMPATH\Boot.php(334): CodeIgniter\CodeIgniter->run()
14 SYSTEMPATH\Boot.php(67): CodeIgniter\Boot::runCodeIgniter(Object(CodeIgniter\CodeIgniter))
15 FCPATH\index.php(56): CodeIgniter\Boot::bootWeb(Object(Config\Paths))
WARNING - 2025-06-16 01:38:02 --> [DEPRECATED] strtolower(): Passing null to parameter #1 ($string) of type string is deprecated in APPPATH\Views\masterdata_employee.php on line 74.
 1 APPPATH\Views\masterdata_employee.php(74): strtolower(null)
 2 SYSTEMPATH\View\View.php(224): include('C:\\xampp\\htdocs\\happyhrapp\\app\\Views\\masterdata_employee.php')
 3 SYSTEMPATH\View\View.php(227): CodeIgniter\View\View->{closure:CodeIgniter\View\View::render():221}()
 4 SYSTEMPATH\Common.php(1173): CodeIgniter\View\View->render('masterdata_employee', [], true)
 5 APPPATH\Views\main.php(224): view('masterdata_employee')
 6 SYSTEMPATH\View\View.php(224): include('C:\\xampp\\htdocs\\happyhrapp\\app\\Views\\main.php')
 7 SYSTEMPATH\View\View.php(227): CodeIgniter\View\View->{closure:CodeIgniter\View\View::render():221}()
 8 SYSTEMPATH\Common.php(1173): CodeIgniter\View\View->render('main', [], true)
 9 APPPATH\Controllers\Masterdata.php(56): view('main', [...])
10 SYSTEMPATH\CodeIgniter.php(933): App\Controllers\Masterdata->getEmployee()
11 SYSTEMPATH\CodeIgniter.php(507): CodeIgniter\CodeIgniter->runController(Object(App\Controllers\Masterdata))
12 SYSTEMPATH\CodeIgniter.php(354): CodeIgniter\CodeIgniter->handleRequest(null, Object(Config\Cache), false)
13 SYSTEMPATH\Boot.php(334): CodeIgniter\CodeIgniter->run()
14 SYSTEMPATH\Boot.php(67): CodeIgniter\Boot::runCodeIgniter(Object(CodeIgniter\CodeIgniter))
15 FCPATH\index.php(56): CodeIgniter\Boot::bootWeb(Object(Config\Paths))
WARNING - 2025-06-16 01:38:02 --> [DEPRECATED] strtolower(): Passing null to parameter #1 ($string) of type string is deprecated in APPPATH\Views\masterdata_employee.php on line 74.
 1 APPPATH\Views\masterdata_employee.php(74): strtolower(null)
 2 SYSTEMPATH\View\View.php(224): include('C:\\xampp\\htdocs\\happyhrapp\\app\\Views\\masterdata_employee.php')
 3 SYSTEMPATH\View\View.php(227): CodeIgniter\View\View->{closure:CodeIgniter\View\View::render():221}()
 4 SYSTEMPATH\Common.php(1173): CodeIgniter\View\View->render('masterdata_employee', [], true)
 5 APPPATH\Views\main.php(224): view('masterdata_employee')
 6 SYSTEMPATH\View\View.php(224): include('C:\\xampp\\htdocs\\happyhrapp\\app\\Views\\main.php')
 7 SYSTEMPATH\View\View.php(227): CodeIgniter\View\View->{closure:CodeIgniter\View\View::render():221}()
 8 SYSTEMPATH\Common.php(1173): CodeIgniter\View\View->render('main', [], true)
 9 APPPATH\Controllers\Masterdata.php(56): view('main', [...])
10 SYSTEMPATH\CodeIgniter.php(933): App\Controllers\Masterdata->getEmployee()
11 SYSTEMPATH\CodeIgniter.php(507): CodeIgniter\CodeIgniter->runController(Object(App\Controllers\Masterdata))
12 SYSTEMPATH\CodeIgniter.php(354): CodeIgniter\CodeIgniter->handleRequest(null, Object(Config\Cache), false)
13 SYSTEMPATH\Boot.php(334): CodeIgniter\CodeIgniter->run()
14 SYSTEMPATH\Boot.php(67): CodeIgniter\Boot::runCodeIgniter(Object(CodeIgniter\CodeIgniter))
15 FCPATH\index.php(56): CodeIgniter\Boot::bootWeb(Object(Config\Paths))
WARNING - 2025-06-16 01:38:02 --> [DEPRECATED] strtolower(): Passing null to parameter #1 ($string) of type string is deprecated in APPPATH\Views\masterdata_employee.php on line 74.
 1 APPPATH\Views\masterdata_employee.php(74): strtolower(null)
 2 SYSTEMPATH\View\View.php(224): include('C:\\xampp\\htdocs\\happyhrapp\\app\\Views\\masterdata_employee.php')
 3 SYSTEMPATH\View\View.php(227): CodeIgniter\View\View->{closure:CodeIgniter\View\View::render():221}()
 4 SYSTEMPATH\Common.php(1173): CodeIgniter\View\View->render('masterdata_employee', [], true)
 5 APPPATH\Views\main.php(224): view('masterdata_employee')
 6 SYSTEMPATH\View\View.php(224): include('C:\\xampp\\htdocs\\happyhrapp\\app\\Views\\main.php')
 7 SYSTEMPATH\View\View.php(227): CodeIgniter\View\View->{closure:CodeIgniter\View\View::render():221}()
 8 SYSTEMPATH\Common.php(1173): CodeIgniter\View\View->render('main', [], true)
 9 APPPATH\Controllers\Masterdata.php(56): view('main', [...])
10 SYSTEMPATH\CodeIgniter.php(933): App\Controllers\Masterdata->getEmployee()
11 SYSTEMPATH\CodeIgniter.php(507): CodeIgniter\CodeIgniter->runController(Object(App\Controllers\Masterdata))
12 SYSTEMPATH\CodeIgniter.php(354): CodeIgniter\CodeIgniter->handleRequest(null, Object(Config\Cache), false)
13 SYSTEMPATH\Boot.php(334): CodeIgniter\CodeIgniter->run()
14 SYSTEMPATH\Boot.php(67): CodeIgniter\Boot::runCodeIgniter(Object(CodeIgniter\CodeIgniter))
15 FCPATH\index.php(56): CodeIgniter\Boot::bootWeb(Object(Config\Paths))
WARNING - 2025-06-16 01:38:02 --> [DEPRECATED] strtolower(): Passing null to parameter #1 ($string) of type string is deprecated in APPPATH\Views\masterdata_employee.php on line 74.
 1 APPPATH\Views\masterdata_employee.php(74): strtolower(null)
 2 SYSTEMPATH\View\View.php(224): include('C:\\xampp\\htdocs\\happyhrapp\\app\\Views\\masterdata_employee.php')
 3 SYSTEMPATH\View\View.php(227): CodeIgniter\View\View->{closure:CodeIgniter\View\View::render():221}()
 4 SYSTEMPATH\Common.php(1173): CodeIgniter\View\View->render('masterdata_employee', [], true)
 5 APPPATH\Views\main.php(224): view('masterdata_employee')
 6 SYSTEMPATH\View\View.php(224): include('C:\\xampp\\htdocs\\happyhrapp\\app\\Views\\main.php')
 7 SYSTEMPATH\View\View.php(227): CodeIgniter\View\View->{closure:CodeIgniter\View\View::render():221}()
 8 SYSTEMPATH\Common.php(1173): CodeIgniter\View\View->render('main', [], true)
 9 APPPATH\Controllers\Masterdata.php(56): view('main', [...])
10 SYSTEMPATH\CodeIgniter.php(933): App\Controllers\Masterdata->getEmployee()
11 SYSTEMPATH\CodeIgniter.php(507): CodeIgniter\CodeIgniter->runController(Object(App\Controllers\Masterdata))
12 SYSTEMPATH\CodeIgniter.php(354): CodeIgniter\CodeIgniter->handleRequest(null, Object(Config\Cache), false)
13 SYSTEMPATH\Boot.php(334): CodeIgniter\CodeIgniter->run()
14 SYSTEMPATH\Boot.php(67): CodeIgniter\Boot::runCodeIgniter(Object(CodeIgniter\CodeIgniter))
15 FCPATH\index.php(56): CodeIgniter\Boot::bootWeb(Object(Config\Paths))
WARNING - 2025-06-16 01:38:02 --> [DEPRECATED] strtolower(): Passing null to parameter #1 ($string) of type string is deprecated in APPPATH\Views\masterdata_employee.php on line 74.
 1 APPPATH\Views\masterdata_employee.php(74): strtolower(null)
 2 SYSTEMPATH\View\View.php(224): include('C:\\xampp\\htdocs\\happyhrapp\\app\\Views\\masterdata_employee.php')
 3 SYSTEMPATH\View\View.php(227): CodeIgniter\View\View->{closure:CodeIgniter\View\View::render():221}()
 4 SYSTEMPATH\Common.php(1173): CodeIgniter\View\View->render('masterdata_employee', [], true)
 5 APPPATH\Views\main.php(224): view('masterdata_employee')
 6 SYSTEMPATH\View\View.php(224): include('C:\\xampp\\htdocs\\happyhrapp\\app\\Views\\main.php')
 7 SYSTEMPATH\View\View.php(227): CodeIgniter\View\View->{closure:CodeIgniter\View\View::render():221}()
 8 SYSTEMPATH\Common.php(1173): CodeIgniter\View\View->render('main', [], true)
 9 APPPATH\Controllers\Masterdata.php(56): view('main', [...])
10 SYSTEMPATH\CodeIgniter.php(933): App\Controllers\Masterdata->getEmployee()
11 SYSTEMPATH\CodeIgniter.php(507): CodeIgniter\CodeIgniter->runController(Object(App\Controllers\Masterdata))
12 SYSTEMPATH\CodeIgniter.php(354): CodeIgniter\CodeIgniter->handleRequest(null, Object(Config\Cache), false)
13 SYSTEMPATH\Boot.php(334): CodeIgniter\CodeIgniter->run()
14 SYSTEMPATH\Boot.php(67): CodeIgniter\Boot::runCodeIgniter(Object(CodeIgniter\CodeIgniter))
15 FCPATH\index.php(56): CodeIgniter\Boot::bootWeb(Object(Config\Paths))
WARNING - 2025-06-16 01:38:02 --> [DEPRECATED] strtolower(): Passing null to parameter #1 ($string) of type string is deprecated in APPPATH\Views\masterdata_employee.php on line 74.
 1 APPPATH\Views\masterdata_employee.php(74): strtolower(null)
 2 SYSTEMPATH\View\View.php(224): include('C:\\xampp\\htdocs\\happyhrapp\\app\\Views\\masterdata_employee.php')
 3 SYSTEMPATH\View\View.php(227): CodeIgniter\View\View->{closure:CodeIgniter\View\View::render():221}()
 4 SYSTEMPATH\Common.php(1173): CodeIgniter\View\View->render('masterdata_employee', [], true)
 5 APPPATH\Views\main.php(224): view('masterdata_employee')
 6 SYSTEMPATH\View\View.php(224): include('C:\\xampp\\htdocs\\happyhrapp\\app\\Views\\main.php')
 7 SYSTEMPATH\View\View.php(227): CodeIgniter\View\View->{closure:CodeIgniter\View\View::render():221}()
 8 SYSTEMPATH\Common.php(1173): CodeIgniter\View\View->render('main', [], true)
 9 APPPATH\Controllers\Masterdata.php(56): view('main', [...])
10 SYSTEMPATH\CodeIgniter.php(933): App\Controllers\Masterdata->getEmployee()
11 SYSTEMPATH\CodeIgniter.php(507): CodeIgniter\CodeIgniter->runController(Object(App\Controllers\Masterdata))
12 SYSTEMPATH\CodeIgniter.php(354): CodeIgniter\CodeIgniter->handleRequest(null, Object(Config\Cache), false)
13 SYSTEMPATH\Boot.php(334): CodeIgniter\CodeIgniter->run()
14 SYSTEMPATH\Boot.php(67): CodeIgniter\Boot::runCodeIgniter(Object(CodeIgniter\CodeIgniter))
15 FCPATH\index.php(56): CodeIgniter\Boot::bootWeb(Object(Config\Paths))
WARNING - 2025-06-16 01:38:02 --> [DEPRECATED] strtolower(): Passing null to parameter #1 ($string) of type string is deprecated in APPPATH\Views\masterdata_employee.php on line 74.
 1 APPPATH\Views\masterdata_employee.php(74): strtolower(null)
 2 SYSTEMPATH\View\View.php(224): include('C:\\xampp\\htdocs\\happyhrapp\\app\\Views\\masterdata_employee.php')
 3 SYSTEMPATH\View\View.php(227): CodeIgniter\View\View->{closure:CodeIgniter\View\View::render():221}()
 4 SYSTEMPATH\Common.php(1173): CodeIgniter\View\View->render('masterdata_employee', [], true)
 5 APPPATH\Views\main.php(224): view('masterdata_employee')
 6 SYSTEMPATH\View\View.php(224): include('C:\\xampp\\htdocs\\happyhrapp\\app\\Views\\main.php')
 7 SYSTEMPATH\View\View.php(227): CodeIgniter\View\View->{closure:CodeIgniter\View\View::render():221}()
 8 SYSTEMPATH\Common.php(1173): CodeIgniter\View\View->render('main', [], true)
 9 APPPATH\Controllers\Masterdata.php(56): view('main', [...])
10 SYSTEMPATH\CodeIgniter.php(933): App\Controllers\Masterdata->getEmployee()
11 SYSTEMPATH\CodeIgniter.php(507): CodeIgniter\CodeIgniter->runController(Object(App\Controllers\Masterdata))
12 SYSTEMPATH\CodeIgniter.php(354): CodeIgniter\CodeIgniter->handleRequest(null, Object(Config\Cache), false)
13 SYSTEMPATH\Boot.php(334): CodeIgniter\CodeIgniter->run()
14 SYSTEMPATH\Boot.php(67): CodeIgniter\Boot::runCodeIgniter(Object(CodeIgniter\CodeIgniter))
15 FCPATH\index.php(56): CodeIgniter\Boot::bootWeb(Object(Config\Paths))
WARNING - 2025-06-16 01:38:02 --> [DEPRECATED] strtolower(): Passing null to parameter #1 ($string) of type string is deprecated in APPPATH\Views\masterdata_employee.php on line 74.
 1 APPPATH\Views\masterdata_employee.php(74): strtolower(null)
 2 SYSTEMPATH\View\View.php(224): include('C:\\xampp\\htdocs\\happyhrapp\\app\\Views\\masterdata_employee.php')
 3 SYSTEMPATH\View\View.php(227): CodeIgniter\View\View->{closure:CodeIgniter\View\View::render():221}()
 4 SYSTEMPATH\Common.php(1173): CodeIgniter\View\View->render('masterdata_employee', [], true)
 5 APPPATH\Views\main.php(224): view('masterdata_employee')
 6 SYSTEMPATH\View\View.php(224): include('C:\\xampp\\htdocs\\happyhrapp\\app\\Views\\main.php')
 7 SYSTEMPATH\View\View.php(227): CodeIgniter\View\View->{closure:CodeIgniter\View\View::render():221}()
 8 SYSTEMPATH\Common.php(1173): CodeIgniter\View\View->render('main', [], true)
 9 APPPATH\Controllers\Masterdata.php(56): view('main', [...])
10 SYSTEMPATH\CodeIgniter.php(933): App\Controllers\Masterdata->getEmployee()
11 SYSTEMPATH\CodeIgniter.php(507): CodeIgniter\CodeIgniter->runController(Object(App\Controllers\Masterdata))
12 SYSTEMPATH\CodeIgniter.php(354): CodeIgniter\CodeIgniter->handleRequest(null, Object(Config\Cache), false)
13 SYSTEMPATH\Boot.php(334): CodeIgniter\CodeIgniter->run()
14 SYSTEMPATH\Boot.php(67): CodeIgniter\Boot::runCodeIgniter(Object(CodeIgniter\CodeIgniter))
15 FCPATH\index.php(56): CodeIgniter\Boot::bootWeb(Object(Config\Paths))
WARNING - 2025-06-16 01:38:02 --> [DEPRECATED] strtolower(): Passing null to parameter #1 ($string) of type string is deprecated in APPPATH\Views\masterdata_employee.php on line 74.
 1 APPPATH\Views\masterdata_employee.php(74): strtolower(null)
 2 SYSTEMPATH\View\View.php(224): include('C:\\xampp\\htdocs\\happyhrapp\\app\\Views\\masterdata_employee.php')
 3 SYSTEMPATH\View\View.php(227): CodeIgniter\View\View->{closure:CodeIgniter\View\View::render():221}()
 4 SYSTEMPATH\Common.php(1173): CodeIgniter\View\View->render('masterdata_employee', [], true)
 5 APPPATH\Views\main.php(224): view('masterdata_employee')
 6 SYSTEMPATH\View\View.php(224): include('C:\\xampp\\htdocs\\happyhrapp\\app\\Views\\main.php')
 7 SYSTEMPATH\View\View.php(227): CodeIgniter\View\View->{closure:CodeIgniter\View\View::render():221}()
 8 SYSTEMPATH\Common.php(1173): CodeIgniter\View\View->render('main', [], true)
 9 APPPATH\Controllers\Masterdata.php(56): view('main', [...])
10 SYSTEMPATH\CodeIgniter.php(933): App\Controllers\Masterdata->getEmployee()
11 SYSTEMPATH\CodeIgniter.php(507): CodeIgniter\CodeIgniter->runController(Object(App\Controllers\Masterdata))
12 SYSTEMPATH\CodeIgniter.php(354): CodeIgniter\CodeIgniter->handleRequest(null, Object(Config\Cache), false)
13 SYSTEMPATH\Boot.php(334): CodeIgniter\CodeIgniter->run()
14 SYSTEMPATH\Boot.php(67): CodeIgniter\Boot::runCodeIgniter(Object(CodeIgniter\CodeIgniter))
15 FCPATH\index.php(56): CodeIgniter\Boot::bootWeb(Object(Config\Paths))
WARNING - 2025-06-16 01:38:02 --> [DEPRECATED] strtolower(): Passing null to parameter #1 ($string) of type string is deprecated in APPPATH\Views\masterdata_employee.php on line 74.
 1 APPPATH\Views\masterdata_employee.php(74): strtolower(null)
 2 SYSTEMPATH\View\View.php(224): include('C:\\xampp\\htdocs\\happyhrapp\\app\\Views\\masterdata_employee.php')
 3 SYSTEMPATH\View\View.php(227): CodeIgniter\View\View->{closure:CodeIgniter\View\View::render():221}()
 4 SYSTEMPATH\Common.php(1173): CodeIgniter\View\View->render('masterdata_employee', [], true)
 5 APPPATH\Views\main.php(224): view('masterdata_employee')
 6 SYSTEMPATH\View\View.php(224): include('C:\\xampp\\htdocs\\happyhrapp\\app\\Views\\main.php')
 7 SYSTEMPATH\View\View.php(227): CodeIgniter\View\View->{closure:CodeIgniter\View\View::render():221}()
 8 SYSTEMPATH\Common.php(1173): CodeIgniter\View\View->render('main', [], true)
 9 APPPATH\Controllers\Masterdata.php(56): view('main', [...])
10 SYSTEMPATH\CodeIgniter.php(933): App\Controllers\Masterdata->getEmployee()
11 SYSTEMPATH\CodeIgniter.php(507): CodeIgniter\CodeIgniter->runController(Object(App\Controllers\Masterdata))
12 SYSTEMPATH\CodeIgniter.php(354): CodeIgniter\CodeIgniter->handleRequest(null, Object(Config\Cache), false)
13 SYSTEMPATH\Boot.php(334): CodeIgniter\CodeIgniter->run()
14 SYSTEMPATH\Boot.php(67): CodeIgniter\Boot::runCodeIgniter(Object(CodeIgniter\CodeIgniter))
15 FCPATH\index.php(56): CodeIgniter\Boot::bootWeb(Object(Config\Paths))
WARNING - 2025-06-16 01:38:02 --> [DEPRECATED] strtolower(): Passing null to parameter #1 ($string) of type string is deprecated in APPPATH\Views\masterdata_employee.php on line 74.
 1 APPPATH\Views\masterdata_employee.php(74): strtolower(null)
 2 SYSTEMPATH\View\View.php(224): include('C:\\xampp\\htdocs\\happyhrapp\\app\\Views\\masterdata_employee.php')
 3 SYSTEMPATH\View\View.php(227): CodeIgniter\View\View->{closure:CodeIgniter\View\View::render():221}()
 4 SYSTEMPATH\Common.php(1173): CodeIgniter\View\View->render('masterdata_employee', [], true)
 5 APPPATH\Views\main.php(224): view('masterdata_employee')
 6 SYSTEMPATH\View\View.php(224): include('C:\\xampp\\htdocs\\happyhrapp\\app\\Views\\main.php')
 7 SYSTEMPATH\View\View.php(227): CodeIgniter\View\View->{closure:CodeIgniter\View\View::render():221}()
 8 SYSTEMPATH\Common.php(1173): CodeIgniter\View\View->render('main', [], true)
 9 APPPATH\Controllers\Masterdata.php(56): view('main', [...])
10 SYSTEMPATH\CodeIgniter.php(933): App\Controllers\Masterdata->getEmployee()
11 SYSTEMPATH\CodeIgniter.php(507): CodeIgniter\CodeIgniter->runController(Object(App\Controllers\Masterdata))
12 SYSTEMPATH\CodeIgniter.php(354): CodeIgniter\CodeIgniter->handleRequest(null, Object(Config\Cache), false)
13 SYSTEMPATH\Boot.php(334): CodeIgniter\CodeIgniter->run()
14 SYSTEMPATH\Boot.php(67): CodeIgniter\Boot::runCodeIgniter(Object(CodeIgniter\CodeIgniter))
15 FCPATH\index.php(56): CodeIgniter\Boot::bootWeb(Object(Config\Paths))
DEBUG - 2025-06-16 01:38:03 --> Session: Class initialized using 'CodeIgniter\Session\Handlers\FileHandler' driver.
DEBUG - 2025-06-16 01:38:15 --> Session: Class initialized using 'CodeIgniter\Session\Handlers\FileHandler' driver.
WARNING - 2025-06-16 01:38:17 --> [DEPRECATED] strtolower(): Passing null to parameter #1 ($string) of type string is deprecated in APPPATH\Views\masterdata_employee.php on line 74.
 1 APPPATH\Views\masterdata_employee.php(74): strtolower(null)
 2 SYSTEMPATH\View\View.php(224): include('C:\\xampp\\htdocs\\happyhrapp\\app\\Views\\masterdata_employee.php')
 3 SYSTEMPATH\View\View.php(227): CodeIgniter\View\View->{closure:CodeIgniter\View\View::render():221}()
 4 SYSTEMPATH\Common.php(1173): CodeIgniter\View\View->render('masterdata_employee', [], true)
 5 APPPATH\Views\main.php(224): view('masterdata_employee')
 6 SYSTEMPATH\View\View.php(224): include('C:\\xampp\\htdocs\\happyhrapp\\app\\Views\\main.php')
 7 SYSTEMPATH\View\View.php(227): CodeIgniter\View\View->{closure:CodeIgniter\View\View::render():221}()
 8 SYSTEMPATH\Common.php(1173): CodeIgniter\View\View->render('main', [], true)
 9 APPPATH\Controllers\Masterdata.php(56): view('main', [...])
10 SYSTEMPATH\CodeIgniter.php(933): App\Controllers\Masterdata->getEmployee()
11 SYSTEMPATH\CodeIgniter.php(507): CodeIgniter\CodeIgniter->runController(Object(App\Controllers\Masterdata))
12 SYSTEMPATH\CodeIgniter.php(354): CodeIgniter\CodeIgniter->handleRequest(null, Object(Config\Cache), false)
13 SYSTEMPATH\Boot.php(334): CodeIgniter\CodeIgniter->run()
14 SYSTEMPATH\Boot.php(67): CodeIgniter\Boot::runCodeIgniter(Object(CodeIgniter\CodeIgniter))
15 FCPATH\index.php(56): CodeIgniter\Boot::bootWeb(Object(Config\Paths))
WARNING - 2025-06-16 01:38:17 --> [DEPRECATED] strtolower(): Passing null to parameter #1 ($string) of type string is deprecated in APPPATH\Views\masterdata_employee.php on line 74.
 1 APPPATH\Views\masterdata_employee.php(74): strtolower(null)
 2 SYSTEMPATH\View\View.php(224): include('C:\\xampp\\htdocs\\happyhrapp\\app\\Views\\masterdata_employee.php')
 3 SYSTEMPATH\View\View.php(227): CodeIgniter\View\View->{closure:CodeIgniter\View\View::render():221}()
 4 SYSTEMPATH\Common.php(1173): CodeIgniter\View\View->render('masterdata_employee', [], true)
 5 APPPATH\Views\main.php(224): view('masterdata_employee')
 6 SYSTEMPATH\View\View.php(224): include('C:\\xampp\\htdocs\\happyhrapp\\app\\Views\\main.php')
 7 SYSTEMPATH\View\View.php(227): CodeIgniter\View\View->{closure:CodeIgniter\View\View::render():221}()
 8 SYSTEMPATH\Common.php(1173): CodeIgniter\View\View->render('main', [], true)
 9 APPPATH\Controllers\Masterdata.php(56): view('main', [...])
10 SYSTEMPATH\CodeIgniter.php(933): App\Controllers\Masterdata->getEmployee()
11 SYSTEMPATH\CodeIgniter.php(507): CodeIgniter\CodeIgniter->runController(Object(App\Controllers\Masterdata))
12 SYSTEMPATH\CodeIgniter.php(354): CodeIgniter\CodeIgniter->handleRequest(null, Object(Config\Cache), false)
13 SYSTEMPATH\Boot.php(334): CodeIgniter\CodeIgniter->run()
14 SYSTEMPATH\Boot.php(67): CodeIgniter\Boot::runCodeIgniter(Object(CodeIgniter\CodeIgniter))
15 FCPATH\index.php(56): CodeIgniter\Boot::bootWeb(Object(Config\Paths))
WARNING - 2025-06-16 01:38:17 --> [DEPRECATED] strtolower(): Passing null to parameter #1 ($string) of type string is deprecated in APPPATH\Views\masterdata_employee.php on line 74.
 1 APPPATH\Views\masterdata_employee.php(74): strtolower(null)
 2 SYSTEMPATH\View\View.php(224): include('C:\\xampp\\htdocs\\happyhrapp\\app\\Views\\masterdata_employee.php')
 3 SYSTEMPATH\View\View.php(227): CodeIgniter\View\View->{closure:CodeIgniter\View\View::render():221}()
 4 SYSTEMPATH\Common.php(1173): CodeIgniter\View\View->render('masterdata_employee', [], true)
 5 APPPATH\Views\main.php(224): view('masterdata_employee')
 6 SYSTEMPATH\View\View.php(224): include('C:\\xampp\\htdocs\\happyhrapp\\app\\Views\\main.php')
 7 SYSTEMPATH\View\View.php(227): CodeIgniter\View\View->{closure:CodeIgniter\View\View::render():221}()
 8 SYSTEMPATH\Common.php(1173): CodeIgniter\View\View->render('main', [], true)
 9 APPPATH\Controllers\Masterdata.php(56): view('main', [...])
10 SYSTEMPATH\CodeIgniter.php(933): App\Controllers\Masterdata->getEmployee()
11 SYSTEMPATH\CodeIgniter.php(507): CodeIgniter\CodeIgniter->runController(Object(App\Controllers\Masterdata))
12 SYSTEMPATH\CodeIgniter.php(354): CodeIgniter\CodeIgniter->handleRequest(null, Object(Config\Cache), false)
13 SYSTEMPATH\Boot.php(334): CodeIgniter\CodeIgniter->run()
14 SYSTEMPATH\Boot.php(67): CodeIgniter\Boot::runCodeIgniter(Object(CodeIgniter\CodeIgniter))
15 FCPATH\index.php(56): CodeIgniter\Boot::bootWeb(Object(Config\Paths))
WARNING - 2025-06-16 01:38:17 --> [DEPRECATED] strtolower(): Passing null to parameter #1 ($string) of type string is deprecated in APPPATH\Views\masterdata_employee.php on line 74.
 1 APPPATH\Views\masterdata_employee.php(74): strtolower(null)
 2 SYSTEMPATH\View\View.php(224): include('C:\\xampp\\htdocs\\happyhrapp\\app\\Views\\masterdata_employee.php')
 3 SYSTEMPATH\View\View.php(227): CodeIgniter\View\View->{closure:CodeIgniter\View\View::render():221}()
 4 SYSTEMPATH\Common.php(1173): CodeIgniter\View\View->render('masterdata_employee', [], true)
 5 APPPATH\Views\main.php(224): view('masterdata_employee')
 6 SYSTEMPATH\View\View.php(224): include('C:\\xampp\\htdocs\\happyhrapp\\app\\Views\\main.php')
 7 SYSTEMPATH\View\View.php(227): CodeIgniter\View\View->{closure:CodeIgniter\View\View::render():221}()
 8 SYSTEMPATH\Common.php(1173): CodeIgniter\View\View->render('main', [], true)
 9 APPPATH\Controllers\Masterdata.php(56): view('main', [...])
10 SYSTEMPATH\CodeIgniter.php(933): App\Controllers\Masterdata->getEmployee()
11 SYSTEMPATH\CodeIgniter.php(507): CodeIgniter\CodeIgniter->runController(Object(App\Controllers\Masterdata))
12 SYSTEMPATH\CodeIgniter.php(354): CodeIgniter\CodeIgniter->handleRequest(null, Object(Config\Cache), false)
13 SYSTEMPATH\Boot.php(334): CodeIgniter\CodeIgniter->run()
14 SYSTEMPATH\Boot.php(67): CodeIgniter\Boot::runCodeIgniter(Object(CodeIgniter\CodeIgniter))
15 FCPATH\index.php(56): CodeIgniter\Boot::bootWeb(Object(Config\Paths))
WARNING - 2025-06-16 01:38:17 --> [DEPRECATED] strtolower(): Passing null to parameter #1 ($string) of type string is deprecated in APPPATH\Views\masterdata_employee.php on line 74.
 1 APPPATH\Views\masterdata_employee.php(74): strtolower(null)
 2 SYSTEMPATH\View\View.php(224): include('C:\\xampp\\htdocs\\happyhrapp\\app\\Views\\masterdata_employee.php')
 3 SYSTEMPATH\View\View.php(227): CodeIgniter\View\View->{closure:CodeIgniter\View\View::render():221}()
 4 SYSTEMPATH\Common.php(1173): CodeIgniter\View\View->render('masterdata_employee', [], true)
 5 APPPATH\Views\main.php(224): view('masterdata_employee')
 6 SYSTEMPATH\View\View.php(224): include('C:\\xampp\\htdocs\\happyhrapp\\app\\Views\\main.php')
 7 SYSTEMPATH\View\View.php(227): CodeIgniter\View\View->{closure:CodeIgniter\View\View::render():221}()
 8 SYSTEMPATH\Common.php(1173): CodeIgniter\View\View->render('main', [], true)
 9 APPPATH\Controllers\Masterdata.php(56): view('main', [...])
10 SYSTEMPATH\CodeIgniter.php(933): App\Controllers\Masterdata->getEmployee()
11 SYSTEMPATH\CodeIgniter.php(507): CodeIgniter\CodeIgniter->runController(Object(App\Controllers\Masterdata))
12 SYSTEMPATH\CodeIgniter.php(354): CodeIgniter\CodeIgniter->handleRequest(null, Object(Config\Cache), false)
13 SYSTEMPATH\Boot.php(334): CodeIgniter\CodeIgniter->run()
14 SYSTEMPATH\Boot.php(67): CodeIgniter\Boot::runCodeIgniter(Object(CodeIgniter\CodeIgniter))
15 FCPATH\index.php(56): CodeIgniter\Boot::bootWeb(Object(Config\Paths))
WARNING - 2025-06-16 01:38:17 --> [DEPRECATED] strtolower(): Passing null to parameter #1 ($string) of type string is deprecated in APPPATH\Views\masterdata_employee.php on line 74.
 1 APPPATH\Views\masterdata_employee.php(74): strtolower(null)
 2 SYSTEMPATH\View\View.php(224): include('C:\\xampp\\htdocs\\happyhrapp\\app\\Views\\masterdata_employee.php')
 3 SYSTEMPATH\View\View.php(227): CodeIgniter\View\View->{closure:CodeIgniter\View\View::render():221}()
 4 SYSTEMPATH\Common.php(1173): CodeIgniter\View\View->render('masterdata_employee', [], true)
 5 APPPATH\Views\main.php(224): view('masterdata_employee')
 6 SYSTEMPATH\View\View.php(224): include('C:\\xampp\\htdocs\\happyhrapp\\app\\Views\\main.php')
 7 SYSTEMPATH\View\View.php(227): CodeIgniter\View\View->{closure:CodeIgniter\View\View::render():221}()
 8 SYSTEMPATH\Common.php(1173): CodeIgniter\View\View->render('main', [], true)
 9 APPPATH\Controllers\Masterdata.php(56): view('main', [...])
10 SYSTEMPATH\CodeIgniter.php(933): App\Controllers\Masterdata->getEmployee()
11 SYSTEMPATH\CodeIgniter.php(507): CodeIgniter\CodeIgniter->runController(Object(App\Controllers\Masterdata))
12 SYSTEMPATH\CodeIgniter.php(354): CodeIgniter\CodeIgniter->handleRequest(null, Object(Config\Cache), false)
13 SYSTEMPATH\Boot.php(334): CodeIgniter\CodeIgniter->run()
14 SYSTEMPATH\Boot.php(67): CodeIgniter\Boot::runCodeIgniter(Object(CodeIgniter\CodeIgniter))
15 FCPATH\index.php(56): CodeIgniter\Boot::bootWeb(Object(Config\Paths))
WARNING - 2025-06-16 01:38:17 --> [DEPRECATED] strtolower(): Passing null to parameter #1 ($string) of type string is deprecated in APPPATH\Views\masterdata_employee.php on line 74.
 1 APPPATH\Views\masterdata_employee.php(74): strtolower(null)
 2 SYSTEMPATH\View\View.php(224): include('C:\\xampp\\htdocs\\happyhrapp\\app\\Views\\masterdata_employee.php')
 3 SYSTEMPATH\View\View.php(227): CodeIgniter\View\View->{closure:CodeIgniter\View\View::render():221}()
 4 SYSTEMPATH\Common.php(1173): CodeIgniter\View\View->render('masterdata_employee', [], true)
 5 APPPATH\Views\main.php(224): view('masterdata_employee')
 6 SYSTEMPATH\View\View.php(224): include('C:\\xampp\\htdocs\\happyhrapp\\app\\Views\\main.php')
 7 SYSTEMPATH\View\View.php(227): CodeIgniter\View\View->{closure:CodeIgniter\View\View::render():221}()
 8 SYSTEMPATH\Common.php(1173): CodeIgniter\View\View->render('main', [], true)
 9 APPPATH\Controllers\Masterdata.php(56): view('main', [...])
10 SYSTEMPATH\CodeIgniter.php(933): App\Controllers\Masterdata->getEmployee()
11 SYSTEMPATH\CodeIgniter.php(507): CodeIgniter\CodeIgniter->runController(Object(App\Controllers\Masterdata))
12 SYSTEMPATH\CodeIgniter.php(354): CodeIgniter\CodeIgniter->handleRequest(null, Object(Config\Cache), false)
13 SYSTEMPATH\Boot.php(334): CodeIgniter\CodeIgniter->run()
14 SYSTEMPATH\Boot.php(67): CodeIgniter\Boot::runCodeIgniter(Object(CodeIgniter\CodeIgniter))
15 FCPATH\index.php(56): CodeIgniter\Boot::bootWeb(Object(Config\Paths))
WARNING - 2025-06-16 01:38:17 --> [DEPRECATED] strtolower(): Passing null to parameter #1 ($string) of type string is deprecated in APPPATH\Views\masterdata_employee.php on line 74.
 1 APPPATH\Views\masterdata_employee.php(74): strtolower(null)
 2 SYSTEMPATH\View\View.php(224): include('C:\\xampp\\htdocs\\happyhrapp\\app\\Views\\masterdata_employee.php')
 3 SYSTEMPATH\View\View.php(227): CodeIgniter\View\View->{closure:CodeIgniter\View\View::render():221}()
 4 SYSTEMPATH\Common.php(1173): CodeIgniter\View\View->render('masterdata_employee', [], true)
 5 APPPATH\Views\main.php(224): view('masterdata_employee')
 6 SYSTEMPATH\View\View.php(224): include('C:\\xampp\\htdocs\\happyhrapp\\app\\Views\\main.php')
 7 SYSTEMPATH\View\View.php(227): CodeIgniter\View\View->{closure:CodeIgniter\View\View::render():221}()
 8 SYSTEMPATH\Common.php(1173): CodeIgniter\View\View->render('main', [], true)
 9 APPPATH\Controllers\Masterdata.php(56): view('main', [...])
10 SYSTEMPATH\CodeIgniter.php(933): App\Controllers\Masterdata->getEmployee()
11 SYSTEMPATH\CodeIgniter.php(507): CodeIgniter\CodeIgniter->runController(Object(App\Controllers\Masterdata))
12 SYSTEMPATH\CodeIgniter.php(354): CodeIgniter\CodeIgniter->handleRequest(null, Object(Config\Cache), false)
13 SYSTEMPATH\Boot.php(334): CodeIgniter\CodeIgniter->run()
14 SYSTEMPATH\Boot.php(67): CodeIgniter\Boot::runCodeIgniter(Object(CodeIgniter\CodeIgniter))
15 FCPATH\index.php(56): CodeIgniter\Boot::bootWeb(Object(Config\Paths))
WARNING - 2025-06-16 01:38:17 --> [DEPRECATED] strtolower(): Passing null to parameter #1 ($string) of type string is deprecated in APPPATH\Views\masterdata_employee.php on line 74.
 1 APPPATH\Views\masterdata_employee.php(74): strtolower(null)
 2 SYSTEMPATH\View\View.php(224): include('C:\\xampp\\htdocs\\happyhrapp\\app\\Views\\masterdata_employee.php')
 3 SYSTEMPATH\View\View.php(227): CodeIgniter\View\View->{closure:CodeIgniter\View\View::render():221}()
 4 SYSTEMPATH\Common.php(1173): CodeIgniter\View\View->render('masterdata_employee', [], true)
 5 APPPATH\Views\main.php(224): view('masterdata_employee')
 6 SYSTEMPATH\View\View.php(224): include('C:\\xampp\\htdocs\\happyhrapp\\app\\Views\\main.php')
 7 SYSTEMPATH\View\View.php(227): CodeIgniter\View\View->{closure:CodeIgniter\View\View::render():221}()
 8 SYSTEMPATH\Common.php(1173): CodeIgniter\View\View->render('main', [], true)
 9 APPPATH\Controllers\Masterdata.php(56): view('main', [...])
10 SYSTEMPATH\CodeIgniter.php(933): App\Controllers\Masterdata->getEmployee()
11 SYSTEMPATH\CodeIgniter.php(507): CodeIgniter\CodeIgniter->runController(Object(App\Controllers\Masterdata))
12 SYSTEMPATH\CodeIgniter.php(354): CodeIgniter\CodeIgniter->handleRequest(null, Object(Config\Cache), false)
13 SYSTEMPATH\Boot.php(334): CodeIgniter\CodeIgniter->run()
14 SYSTEMPATH\Boot.php(67): CodeIgniter\Boot::runCodeIgniter(Object(CodeIgniter\CodeIgniter))
15 FCPATH\index.php(56): CodeIgniter\Boot::bootWeb(Object(Config\Paths))
WARNING - 2025-06-16 01:38:17 --> [DEPRECATED] strtolower(): Passing null to parameter #1 ($string) of type string is deprecated in APPPATH\Views\masterdata_employee.php on line 74.
 1 APPPATH\Views\masterdata_employee.php(74): strtolower(null)
 2 SYSTEMPATH\View\View.php(224): include('C:\\xampp\\htdocs\\happyhrapp\\app\\Views\\masterdata_employee.php')
 3 SYSTEMPATH\View\View.php(227): CodeIgniter\View\View->{closure:CodeIgniter\View\View::render():221}()
 4 SYSTEMPATH\Common.php(1173): CodeIgniter\View\View->render('masterdata_employee', [], true)
 5 APPPATH\Views\main.php(224): view('masterdata_employee')
 6 SYSTEMPATH\View\View.php(224): include('C:\\xampp\\htdocs\\happyhrapp\\app\\Views\\main.php')
 7 SYSTEMPATH\View\View.php(227): CodeIgniter\View\View->{closure:CodeIgniter\View\View::render():221}()
 8 SYSTEMPATH\Common.php(1173): CodeIgniter\View\View->render('main', [], true)
 9 APPPATH\Controllers\Masterdata.php(56): view('main', [...])
10 SYSTEMPATH\CodeIgniter.php(933): App\Controllers\Masterdata->getEmployee()
11 SYSTEMPATH\CodeIgniter.php(507): CodeIgniter\CodeIgniter->runController(Object(App\Controllers\Masterdata))
12 SYSTEMPATH\CodeIgniter.php(354): CodeIgniter\CodeIgniter->handleRequest(null, Object(Config\Cache), false)
13 SYSTEMPATH\Boot.php(334): CodeIgniter\CodeIgniter->run()
14 SYSTEMPATH\Boot.php(67): CodeIgniter\Boot::runCodeIgniter(Object(CodeIgniter\CodeIgniter))
15 FCPATH\index.php(56): CodeIgniter\Boot::bootWeb(Object(Config\Paths))
WARNING - 2025-06-16 01:38:17 --> [DEPRECATED] strtolower(): Passing null to parameter #1 ($string) of type string is deprecated in APPPATH\Views\masterdata_employee.php on line 74.
 1 APPPATH\Views\masterdata_employee.php(74): strtolower(null)
 2 SYSTEMPATH\View\View.php(224): include('C:\\xampp\\htdocs\\happyhrapp\\app\\Views\\masterdata_employee.php')
 3 SYSTEMPATH\View\View.php(227): CodeIgniter\View\View->{closure:CodeIgniter\View\View::render():221}()
 4 SYSTEMPATH\Common.php(1173): CodeIgniter\View\View->render('masterdata_employee', [], true)
 5 APPPATH\Views\main.php(224): view('masterdata_employee')
 6 SYSTEMPATH\View\View.php(224): include('C:\\xampp\\htdocs\\happyhrapp\\app\\Views\\main.php')
 7 SYSTEMPATH\View\View.php(227): CodeIgniter\View\View->{closure:CodeIgniter\View\View::render():221}()
 8 SYSTEMPATH\Common.php(1173): CodeIgniter\View\View->render('main', [], true)
 9 APPPATH\Controllers\Masterdata.php(56): view('main', [...])
10 SYSTEMPATH\CodeIgniter.php(933): App\Controllers\Masterdata->getEmployee()
11 SYSTEMPATH\CodeIgniter.php(507): CodeIgniter\CodeIgniter->runController(Object(App\Controllers\Masterdata))
12 SYSTEMPATH\CodeIgniter.php(354): CodeIgniter\CodeIgniter->handleRequest(null, Object(Config\Cache), false)
13 SYSTEMPATH\Boot.php(334): CodeIgniter\CodeIgniter->run()
14 SYSTEMPATH\Boot.php(67): CodeIgniter\Boot::runCodeIgniter(Object(CodeIgniter\CodeIgniter))
15 FCPATH\index.php(56): CodeIgniter\Boot::bootWeb(Object(Config\Paths))
WARNING - 2025-06-16 01:38:17 --> [DEPRECATED] strtolower(): Passing null to parameter #1 ($string) of type string is deprecated in APPPATH\Views\masterdata_employee.php on line 74.
 1 APPPATH\Views\masterdata_employee.php(74): strtolower(null)
 2 SYSTEMPATH\View\View.php(224): include('C:\\xampp\\htdocs\\happyhrapp\\app\\Views\\masterdata_employee.php')
 3 SYSTEMPATH\View\View.php(227): CodeIgniter\View\View->{closure:CodeIgniter\View\View::render():221}()
 4 SYSTEMPATH\Common.php(1173): CodeIgniter\View\View->render('masterdata_employee', [], true)
 5 APPPATH\Views\main.php(224): view('masterdata_employee')
 6 SYSTEMPATH\View\View.php(224): include('C:\\xampp\\htdocs\\happyhrapp\\app\\Views\\main.php')
 7 SYSTEMPATH\View\View.php(227): CodeIgniter\View\View->{closure:CodeIgniter\View\View::render():221}()
 8 SYSTEMPATH\Common.php(1173): CodeIgniter\View\View->render('main', [], true)
 9 APPPATH\Controllers\Masterdata.php(56): view('main', [...])
10 SYSTEMPATH\CodeIgniter.php(933): App\Controllers\Masterdata->getEmployee()
11 SYSTEMPATH\CodeIgniter.php(507): CodeIgniter\CodeIgniter->runController(Object(App\Controllers\Masterdata))
12 SYSTEMPATH\CodeIgniter.php(354): CodeIgniter\CodeIgniter->handleRequest(null, Object(Config\Cache), false)
13 SYSTEMPATH\Boot.php(334): CodeIgniter\CodeIgniter->run()
14 SYSTEMPATH\Boot.php(67): CodeIgniter\Boot::runCodeIgniter(Object(CodeIgniter\CodeIgniter))
15 FCPATH\index.php(56): CodeIgniter\Boot::bootWeb(Object(Config\Paths))
WARNING - 2025-06-16 01:38:17 --> [DEPRECATED] strtolower(): Passing null to parameter #1 ($string) of type string is deprecated in APPPATH\Views\masterdata_employee.php on line 74.
 1 APPPATH\Views\masterdata_employee.php(74): strtolower(null)
 2 SYSTEMPATH\View\View.php(224): include('C:\\xampp\\htdocs\\happyhrapp\\app\\Views\\masterdata_employee.php')
 3 SYSTEMPATH\View\View.php(227): CodeIgniter\View\View->{closure:CodeIgniter\View\View::render():221}()
 4 SYSTEMPATH\Common.php(1173): CodeIgniter\View\View->render('masterdata_employee', [], true)
 5 APPPATH\Views\main.php(224): view('masterdata_employee')
 6 SYSTEMPATH\View\View.php(224): include('C:\\xampp\\htdocs\\happyhrapp\\app\\Views\\main.php')
 7 SYSTEMPATH\View\View.php(227): CodeIgniter\View\View->{closure:CodeIgniter\View\View::render():221}()
 8 SYSTEMPATH\Common.php(1173): CodeIgniter\View\View->render('main', [], true)
 9 APPPATH\Controllers\Masterdata.php(56): view('main', [...])
10 SYSTEMPATH\CodeIgniter.php(933): App\Controllers\Masterdata->getEmployee()
11 SYSTEMPATH\CodeIgniter.php(507): CodeIgniter\CodeIgniter->runController(Object(App\Controllers\Masterdata))
12 SYSTEMPATH\CodeIgniter.php(354): CodeIgniter\CodeIgniter->handleRequest(null, Object(Config\Cache), false)
13 SYSTEMPATH\Boot.php(334): CodeIgniter\CodeIgniter->run()
14 SYSTEMPATH\Boot.php(67): CodeIgniter\Boot::runCodeIgniter(Object(CodeIgniter\CodeIgniter))
15 FCPATH\index.php(56): CodeIgniter\Boot::bootWeb(Object(Config\Paths))
WARNING - 2025-06-16 01:38:17 --> [DEPRECATED] strtolower(): Passing null to parameter #1 ($string) of type string is deprecated in APPPATH\Views\masterdata_employee.php on line 74.
 1 APPPATH\Views\masterdata_employee.php(74): strtolower(null)
 2 SYSTEMPATH\View\View.php(224): include('C:\\xampp\\htdocs\\happyhrapp\\app\\Views\\masterdata_employee.php')
 3 SYSTEMPATH\View\View.php(227): CodeIgniter\View\View->{closure:CodeIgniter\View\View::render():221}()
 4 SYSTEMPATH\Common.php(1173): CodeIgniter\View\View->render('masterdata_employee', [], true)
 5 APPPATH\Views\main.php(224): view('masterdata_employee')
 6 SYSTEMPATH\View\View.php(224): include('C:\\xampp\\htdocs\\happyhrapp\\app\\Views\\main.php')
 7 SYSTEMPATH\View\View.php(227): CodeIgniter\View\View->{closure:CodeIgniter\View\View::render():221}()
 8 SYSTEMPATH\Common.php(1173): CodeIgniter\View\View->render('main', [], true)
 9 APPPATH\Controllers\Masterdata.php(56): view('main', [...])
10 SYSTEMPATH\CodeIgniter.php(933): App\Controllers\Masterdata->getEmployee()
11 SYSTEMPATH\CodeIgniter.php(507): CodeIgniter\CodeIgniter->runController(Object(App\Controllers\Masterdata))
12 SYSTEMPATH\CodeIgniter.php(354): CodeIgniter\CodeIgniter->handleRequest(null, Object(Config\Cache), false)
13 SYSTEMPATH\Boot.php(334): CodeIgniter\CodeIgniter->run()
14 SYSTEMPATH\Boot.php(67): CodeIgniter\Boot::runCodeIgniter(Object(CodeIgniter\CodeIgniter))
15 FCPATH\index.php(56): CodeIgniter\Boot::bootWeb(Object(Config\Paths))
WARNING - 2025-06-16 01:38:17 --> [DEPRECATED] strtolower(): Passing null to parameter #1 ($string) of type string is deprecated in APPPATH\Views\masterdata_employee.php on line 74.
 1 APPPATH\Views\masterdata_employee.php(74): strtolower(null)
 2 SYSTEMPATH\View\View.php(224): include('C:\\xampp\\htdocs\\happyhrapp\\app\\Views\\masterdata_employee.php')
 3 SYSTEMPATH\View\View.php(227): CodeIgniter\View\View->{closure:CodeIgniter\View\View::render():221}()
 4 SYSTEMPATH\Common.php(1173): CodeIgniter\View\View->render('masterdata_employee', [], true)
 5 APPPATH\Views\main.php(224): view('masterdata_employee')
 6 SYSTEMPATH\View\View.php(224): include('C:\\xampp\\htdocs\\happyhrapp\\app\\Views\\main.php')
 7 SYSTEMPATH\View\View.php(227): CodeIgniter\View\View->{closure:CodeIgniter\View\View::render():221}()
 8 SYSTEMPATH\Common.php(1173): CodeIgniter\View\View->render('main', [], true)
 9 APPPATH\Controllers\Masterdata.php(56): view('main', [...])
10 SYSTEMPATH\CodeIgniter.php(933): App\Controllers\Masterdata->getEmployee()
11 SYSTEMPATH\CodeIgniter.php(507): CodeIgniter\CodeIgniter->runController(Object(App\Controllers\Masterdata))
12 SYSTEMPATH\CodeIgniter.php(354): CodeIgniter\CodeIgniter->handleRequest(null, Object(Config\Cache), false)
13 SYSTEMPATH\Boot.php(334): CodeIgniter\CodeIgniter->run()
14 SYSTEMPATH\Boot.php(67): CodeIgniter\Boot::runCodeIgniter(Object(CodeIgniter\CodeIgniter))
15 FCPATH\index.php(56): CodeIgniter\Boot::bootWeb(Object(Config\Paths))
DEBUG - 2025-06-16 01:47:08 --> Session: Class initialized using 'CodeIgniter\Session\Handlers\FileHandler' driver.
DEBUG - 2025-06-16 01:47:10 --> Session: Class initialized using 'CodeIgniter\Session\Handlers\FileHandler' driver.
DEBUG - 2025-06-16 01:50:15 --> Session: Class initialized using 'CodeIgniter\Session\Handlers\FileHandler' driver.
DEBUG - 2025-06-16 01:50:17 --> Session: Class initialized using 'CodeIgniter\Session\Handlers\FileHandler' driver.
DEBUG - 2025-06-16 01:50:20 --> Session: Class initialized using 'CodeIgniter\Session\Handlers\FileHandler' driver.
DEBUG - 2025-06-16 01:50:22 --> Session: Class initialized using 'CodeIgniter\Session\Handlers\FileHandler' driver.
DEBUG - 2025-06-16 01:53:06 --> Session: Class initialized using 'CodeIgniter\Session\Handlers\FileHandler' driver.
DEBUG - 2025-06-16 01:53:07 --> Session: Class initialized using 'CodeIgniter\Session\Handlers\FileHandler' driver.
DEBUG - 2025-06-16 01:54:07 --> Session: Class initialized using 'CodeIgniter\Session\Handlers\FileHandler' driver.
DEBUG - 2025-06-16 01:54:08 --> Session: Class initialized using 'CodeIgniter\Session\Handlers\FileHandler' driver.
DEBUG - 2025-06-16 01:54:57 --> Session: Class initialized using 'CodeIgniter\Session\Handlers\FileHandler' driver.
DEBUG - 2025-06-16 01:54:58 --> Session: Class initialized using 'CodeIgniter\Session\Handlers\FileHandler' driver.
